2023-04-28 19:22:47,731 - api.getallmeta - DEBUG - getallmeta function called
2023-04-28 19:22:47,731 - api.getallmeta - DEBUG - Session ID: 1bd239c7931192aa9581267bc7351875
2023-04-28 19:22:47,732 - api.getallmeta - DEBUG - Full path: uploaded_files/1bd239c7931192aa9581267bc7351875
2023-04-28 19:22:48,271 - api.getallmeta - DEBUG - Metadata retrieved successfully for DSCF6893.jpg
2023-04-28 19:25:00,635 - api.getallmeta - DEBUG - getallmeta function called
2023-04-28 19:25:00,635 - api.getallmeta - DEBUG - Full path: uploaded_files/35bba4cb78e0f72ff1c4dbebb92fdbbe
2023-04-28 19:27:18,634 - api.getallmeta - DEBUG - getallmeta function called
2023-04-28 19:27:18,634 - api.getallmeta - DEBUG - Full path: uploaded_files/da905c4d18006abadcb9b22229fba222
2023-04-28 19:27:18,795 - api.getallmeta - DEBUG - Metadata retrieved successfully for DSCF6891.jpg
2023-04-28 19:27:41,842 - api.getallmeta - DEBUG - getallmeta function called
2023-04-28 19:27:41,843 - api.getallmeta - DEBUG - Full path: uploaded_files/42488efd89ac49b0c46f5297a088ce87
2023-04-28 19:31:00,350 - api.getallmeta - DEBUG - getallmeta function called
2023-04-28 19:31:00,350 - api.getallmeta - DEBUG - Full path: uploaded_files/37327b776a917f38b5f71b37998a78ca
2023-04-28 19:31:48,005 - api.getallmeta - DEBUG - getallmeta function called
2023-04-28 19:31:48,005 - api.getallmeta - DEBUG - Full path: uploaded_files/022b6693974276a323e0a1c6f7e6fb3b
2023-04-29 09:57:57,674 - api.getallmeta - DEBUG - getallmeta function called
2023-04-29 09:57:57,674 - api.getallmeta - DEBUG - Full path: uploaded_files/d49079f49728639cd2db835bdc923527
2023-04-29 09:58:41,539 - api.getallmeta - DEBUG - getallmeta function called
2023-04-29 09:58:41,539 - api.getallmeta - DEBUG - Full path: uploaded_files/9161797803f1ddae2b24541df823d82d
2023-04-29 09:58:42,466 - api.getallmeta - DEBUG - Metadata retrieved successfully for DSCF6889.jpg
2023-04-29 09:58:42,605 - api.getallmeta - DEBUG - Metadata retrieved successfully for DSCF6891.jpg
2023-04-29 09:58:42,741 - api.getallmeta - DEBUG - Metadata retrieved successfully for DSCF6890.jpg
2023-04-29 09:58:42,876 - api.getallmeta - DEBUG - Metadata retrieved successfully for DSCF6892.jpg
2023-04-29 09:58:43,010 - api.getallmeta - DEBUG - Metadata retrieved successfully for DSCF6893.jpg
2023-04-29 09:58:43,142 - api.getallmeta - DEBUG - Metadata retrieved successfully for DSCF6894.jpg
2023-04-29 09:58:43,275 - api.getallmeta - DEBUG - Metadata retrieved successfully for DSCF6895.jpg
2023-04-29 10:01:33,361 - api.getallmeta - DEBUG - getallmeta function called
2023-04-29 10:01:33,361 - api.getallmeta - DEBUG - Full path: uploaded_files/9161797803f1ddae2b24541df823d82d
2023-04-29 10:01:33,506 - api.getallmeta - DEBUG - Metadata retrieved successfully for DSCF6889.jpg
2023-04-29 10:01:33,638 - api.getallmeta - DEBUG - Metadata retrieved successfully for DSCF6891.jpg
2023-04-29 10:01:33,770 - api.getallmeta - DEBUG - Metadata retrieved successfully for DSCF6890.jpg
2023-04-29 10:01:33,901 - api.getallmeta - DEBUG - Metadata retrieved successfully for DSCF6892.jpg
2023-04-29 10:01:34,032 - api.getallmeta - DEBUG - Metadata retrieved successfully for DSCF6893.jpg
2023-04-29 10:01:34,163 - api.getallmeta - DEBUG - Metadata retrieved successfully for DSCF6894.jpg
2023-04-29 10:01:34,294 - api.getallmeta - DEBUG - Metadata retrieved successfully for DSCF6895.jpg
2023-04-29 10:02:05,653 - api.getallmeta - DEBUG - getallmeta function called
2023-04-29 10:02:05,653 - api.getallmeta - DEBUG - Full path: uploaded_files/9161797803f1ddae2b24541df823d82d
2023-04-29 10:02:05,790 - api.getallmeta - DEBUG - Metadata retrieved successfully for DSCF6889.jpg
2023-04-29 10:02:05,922 - api.getallmeta - DEBUG - Metadata retrieved successfully for DSCF6891.jpg
2023-04-29 10:02:06,057 - api.getallmeta - DEBUG - Metadata retrieved successfully for DSCF6890.jpg
2023-04-29 10:02:06,190 - api.getallmeta - DEBUG - Metadata retrieved successfully for DSCF6892.jpg
2023-04-29 10:02:06,322 - api.getallmeta - DEBUG - Metadata retrieved successfully for DSCF6893.jpg
2023-04-29 10:02:06,459 - api.getallmeta - DEBUG - Metadata retrieved successfully for DSCF6894.jpg
2023-04-29 10:02:06,592 - api.getallmeta - DEBUG - Metadata retrieved successfully for DSCF6895.jpg
2023-04-29 10:03:14,687 - api.getallmeta - DEBUG - getallmeta function called
2023-04-29 10:03:14,688 - api.getallmeta - DEBUG - Full path: uploaded_files/9161797803f1ddae2b24541df823d82d
2023-04-29 10:03:14,826 - api.getallmeta - DEBUG - Metadata retrieved successfully for DSCF6889.jpg
2023-04-29 10:03:14,962 - api.getallmeta - DEBUG - Metadata retrieved successfully for DSCF6891.jpg
2023-04-29 10:03:15,097 - api.getallmeta - DEBUG - Metadata retrieved successfully for DSCF6890.jpg
2023-04-29 10:03:15,231 - api.getallmeta - DEBUG - Metadata retrieved successfully for DSCF6892.jpg
2023-04-29 10:03:15,364 - api.getallmeta - DEBUG - Metadata retrieved successfully for DSCF6893.jpg
2023-04-29 10:03:15,496 - api.getallmeta - DEBUG - Metadata retrieved successfully for DSCF6894.jpg
2023-04-29 10:03:15,631 - api.getallmeta - DEBUG - Metadata retrieved successfully for DSCF6895.jpg
2023-04-29 10:10:18,949 - api.getallmeta - DEBUG - getallmeta function called
2023-04-29 10:10:18,972 - api.getallmeta - DEBUG - Full path: uploaded_files/9161797803f1ddae2b24541df823d82d
2023-04-29 10:10:19,391 - api.getallmeta - DEBUG - Metadata retrieved successfully for DSCF6889.jpg
2023-04-29 10:10:19,542 - api.getallmeta - DEBUG - Metadata retrieved successfully for DSCF6891.jpg
2023-04-29 10:10:19,684 - api.getallmeta - DEBUG - Metadata retrieved successfully for DSCF6890.jpg
2023-04-29 10:10:19,851 - api.getallmeta - DEBUG - Metadata retrieved successfully for DSCF6892.jpg
2023-04-29 10:10:20,012 - api.getallmeta - DEBUG - Metadata retrieved successfully for DSCF6893.jpg
2023-04-29 10:10:20,174 - api.getallmeta - DEBUG - Metadata retrieved successfully for DSCF6894.jpg
2023-04-29 10:10:20,330 - api.getallmeta - DEBUG - Metadata retrieved successfully for DSCF6895.jpg
2023-04-29 17:11:35,773 - api.getallmeta - DEBUG - getallmeta function called
2023-04-29 17:12:00,224 - api.getallmeta - DEBUG - getallmeta function called
2023-04-29 17:12:00,224 - api.getallmeta - DEBUG - Full path: uploaded_files/0cbc6e2d7adcf968990b85e280f1d481
2023-04-29 17:12:00,433 - api.getallmeta - DEBUG - Metadata retrieved successfully for DSCF6891.jpg
2023-04-29 17:12:00,564 - api.getallmeta - DEBUG - Metadata retrieved successfully for DSCF6890.jpg
2023-04-29 17:12:00,694 - api.getallmeta - DEBUG - Metadata retrieved successfully for DSCF6892.jpg
2023-04-29 17:12:00,824 - api.getallmeta - DEBUG - Metadata retrieved successfully for DSCF6893.jpg
2023-04-29 17:12:00,956 - api.getallmeta - DEBUG - Metadata retrieved successfully for DSCF6894.jpg
2023-04-29 17:12:01,089 - api.getallmeta - DEBUG - Metadata retrieved successfully for DSCF6895.jpg
2023-04-29 17:15:51,451 - api.getallmeta - DEBUG - getallmeta function called
2023-04-29 17:15:51,452 - api.getallmeta - DEBUG - Full path: uploaded_files/496a54f96faf6340f180a6b9be46ed16
2023-04-29 17:15:51,597 - api.getallmeta - DEBUG - Metadata retrieved successfully for DSCF6889.jpg
2023-04-29 17:15:51,730 - api.getallmeta - DEBUG - Metadata retrieved successfully for DSCF6888.jpg
2023-04-29 17:15:51,863 - api.getallmeta - DEBUG - Metadata retrieved successfully for DSCF6891.jpg
2023-04-29 17:15:51,996 - api.getallmeta - DEBUG - Metadata retrieved successfully for DSCF6890.jpg
2023-04-29 17:15:52,131 - api.getallmeta - DEBUG - Metadata retrieved successfully for DSCF6887.jpg
2023-04-29 17:17:47,944 - api.getallmeta - DEBUG - getallmeta function called
2023-04-29 17:17:47,944 - api.getallmeta - DEBUG - Full path: uploaded_files/496a54f96faf6340f180a6b9be46ed16
2023-04-29 17:17:48,084 - api.getallmeta - DEBUG - Metadata retrieved successfully for DSCF6889.jpg
2023-04-29 17:17:48,218 - api.getallmeta - DEBUG - Metadata retrieved successfully for DSCF6888.jpg
2023-04-29 17:17:48,351 - api.getallmeta - DEBUG - Metadata retrieved successfully for DSCF6885.jpg
2023-04-29 17:17:48,483 - api.getallmeta - DEBUG - Metadata retrieved successfully for DSCF6891.jpg
2023-04-29 17:17:48,615 - api.getallmeta - DEBUG - Metadata retrieved successfully for DSCF6890.jpg
2023-04-29 17:17:48,746 - api.getallmeta - DEBUG - Metadata retrieved successfully for DSCF6886.jpg
2023-04-29 17:17:48,878 - api.getallmeta - DEBUG - Metadata retrieved successfully for DSCF6887.jpg
2023-04-29 17:18:46,484 - api.getallmeta - DEBUG - getallmeta function called
2023-04-29 17:18:46,484 - api.getallmeta - DEBUG - Full path: uploaded_files/496a54f96faf6340f180a6b9be46ed16
2023-04-29 17:18:46,624 - api.getallmeta - DEBUG - Metadata retrieved successfully for DSCF6889.jpg
2023-04-29 17:18:46,758 - api.getallmeta - DEBUG - Metadata retrieved successfully for DSCF6888.jpg
2023-04-29 17:18:46,889 - api.getallmeta - DEBUG - Metadata retrieved successfully for DSCF6885.jpg
2023-04-29 17:18:47,022 - api.getallmeta - DEBUG - Metadata retrieved successfully for DSCF6891.jpg
2023-04-29 17:18:47,153 - api.getallmeta - DEBUG - Metadata retrieved successfully for DSCF6890.jpg
2023-04-29 17:18:47,285 - api.getallmeta - DEBUG - Metadata retrieved successfully for DSCF6886.jpg
2023-04-29 17:18:47,416 - api.getallmeta - DEBUG - Metadata retrieved successfully for DSCF6887.jpg
2023-04-29 17:19:06,827 - api.getallmeta - DEBUG - getallmeta function called
2023-04-29 17:19:06,828 - api.getallmeta - DEBUG - Full path: uploaded_files/496a54f96faf6340f180a6b9be46ed16
2023-04-29 17:19:06,964 - api.getallmeta - DEBUG - Metadata retrieved successfully for DSCF6889.jpg
2023-04-29 17:19:07,098 - api.getallmeta - DEBUG - Metadata retrieved successfully for DSCF6888.jpg
2023-04-29 17:19:07,229 - api.getallmeta - DEBUG - Metadata retrieved successfully for DSCF6885.jpg
2023-04-29 17:19:07,361 - api.getallmeta - DEBUG - Metadata retrieved successfully for DSCF6891.jpg
2023-04-29 17:19:07,492 - api.getallmeta - DEBUG - Metadata retrieved successfully for DSCF6890.jpg
2023-04-29 17:19:07,624 - api.getallmeta - DEBUG - Metadata retrieved successfully for DSCF6886.jpg
2023-04-29 17:19:07,756 - api.getallmeta - DEBUG - Metadata retrieved successfully for DSCF6887.jpg
2023-04-29 17:20:31,369 - api.getallmeta - DEBUG - getallmeta function called
2023-04-29 17:20:31,369 - api.getallmeta - DEBUG - Full path: uploaded_files/496a54f96faf6340f180a6b9be46ed16
2023-04-29 17:20:31,507 - api.getallmeta - DEBUG - Metadata retrieved successfully for DSCF6889.jpg
2023-04-29 17:20:31,639 - api.getallmeta - DEBUG - Metadata retrieved successfully for DSCF6888.jpg
2023-04-29 17:20:31,773 - api.getallmeta - DEBUG - Metadata retrieved successfully for DSCF6885.jpg
2023-04-29 17:20:31,908 - api.getallmeta - DEBUG - Metadata retrieved successfully for DSCF6891.jpg
2023-04-29 17:20:32,041 - api.getallmeta - DEBUG - Metadata retrieved successfully for DSCF6890.jpg
2023-04-29 17:20:32,243 - api.getallmeta - DEBUG - Metadata retrieved successfully for DSCF6886.jpg
2023-04-29 17:20:32,377 - api.getallmeta - DEBUG - Metadata retrieved successfully for DSCF6887.jpg
2023-04-29 17:24:08,445 - api.getallmeta - DEBUG - getallmeta function called
2023-04-29 17:24:08,512 - api.getallmeta - DEBUG - Full path: uploaded_files/2874a66d05bf2e6d972487a8b5f627bc
2023-04-29 17:24:08,648 - api.getallmeta - DEBUG - Metadata retrieved successfully for DSCF6889.jpg
2023-04-29 17:24:08,781 - api.getallmeta - DEBUG - Metadata retrieved successfully for DSCF6891.jpg
2023-04-29 17:24:08,915 - api.getallmeta - DEBUG - Metadata retrieved successfully for DSCF6890.jpg
2023-04-29 17:24:09,048 - api.getallmeta - DEBUG - Metadata retrieved successfully for DSCF6892.jpg
2023-04-29 17:24:09,182 - api.getallmeta - DEBUG - Metadata retrieved successfully for DSCF6893.jpg
2023-04-29 17:24:09,316 - api.getallmeta - DEBUG - Metadata retrieved successfully for DSCF6894.jpg
2023-04-29 17:24:35,854 - api.getallmeta - DEBUG - getallmeta function called
2023-04-29 17:24:35,854 - api.getallmeta - DEBUG - Full path: uploaded_files/2874a66d05bf2e6d972487a8b5f627bc
2023-04-29 17:24:35,990 - api.getallmeta - DEBUG - Metadata retrieved successfully for DSCF6889.jpg
2023-04-29 17:24:36,124 - api.getallmeta - DEBUG - Metadata retrieved successfully for DSCF6891.jpg
2023-04-29 17:24:36,256 - api.getallmeta - DEBUG - Metadata retrieved successfully for DSCF6890.jpg
2023-04-29 17:24:36,389 - api.getallmeta - DEBUG - Metadata retrieved successfully for DSCF6892.jpg
2023-04-29 17:24:36,522 - api.getallmeta - DEBUG - Metadata retrieved successfully for DSCF6893.jpg
2023-04-29 17:24:36,654 - api.getallmeta - DEBUG - Metadata retrieved successfully for DSCF6894.jpg
2023-04-29 17:25:27,151 - api.getallmeta - DEBUG - getallmeta function called
2023-04-29 17:25:27,151 - api.getallmeta - DEBUG - Full path: uploaded_files/05f04674606165f2e3ee913b8dea57bc
2023-04-29 17:25:27,285 - api.getallmeta - DEBUG - Metadata retrieved successfully for DSCF6891.jpg
2023-04-29 17:25:27,416 - api.getallmeta - DEBUG - Metadata retrieved successfully for DSCF6892.jpg
2023-04-29 17:25:27,549 - api.getallmeta - DEBUG - Metadata retrieved successfully for DSCF6893.jpg
2023-04-29 17:25:27,680 - api.getallmeta - DEBUG - Metadata retrieved successfully for DSCF6894.jpg
2023-04-29 17:25:27,812 - api.getallmeta - DEBUG - Metadata retrieved successfully for DSCF6895.jpg
2023-04-29 17:25:36,268 - api.getallmeta - DEBUG - getallmeta function called
2023-04-29 17:25:36,268 - api.getallmeta - DEBUG - Full path: uploaded_files/05f04674606165f2e3ee913b8dea57bc
2023-04-29 17:25:36,402 - api.getallmeta - DEBUG - Metadata retrieved successfully for DSCF6891.jpg
2023-04-29 17:25:36,535 - api.getallmeta - DEBUG - Metadata retrieved successfully for DSCF6892.jpg
2023-04-29 17:25:36,669 - api.getallmeta - DEBUG - Metadata retrieved successfully for DSCF6893.jpg
2023-04-29 17:25:36,802 - api.getallmeta - DEBUG - Metadata retrieved successfully for DSCF6894.jpg
2023-04-29 17:25:36,933 - api.getallmeta - DEBUG - Metadata retrieved successfully for DSCF6895.jpg
2023-04-29 17:27:19,645 - api.getallmeta - DEBUG - getallmeta function called
2023-04-29 17:27:19,645 - api.getallmeta - DEBUG - Full path: uploaded_files/05f04674606165f2e3ee913b8dea57bc
2023-04-29 17:27:19,790 - api.getallmeta - DEBUG - Metadata retrieved successfully for DSCF6889.jpg
2023-04-29 17:27:20,029 - api.getallmeta - DEBUG - Metadata retrieved successfully for DSCF6891.jpg
2023-04-29 17:27:20,183 - api.getallmeta - DEBUG - Metadata retrieved successfully for DSCF6890.jpg
2023-04-29 17:27:20,336 - api.getallmeta - DEBUG - Metadata retrieved successfully for DSCF6892.jpg
2023-04-29 17:27:20,474 - api.getallmeta - DEBUG - Metadata retrieved successfully for DSCF6893.jpg
2023-04-29 17:27:20,606 - api.getallmeta - DEBUG - Metadata retrieved successfully for DSCF6894.jpg
2023-04-29 17:27:20,738 - api.getallmeta - DEBUG - Metadata retrieved successfully for DSCF6895.jpg
2023-04-29 17:28:15,227 - api.getallmeta - DEBUG - getallmeta function called
2023-04-29 17:28:15,228 - api.getallmeta - DEBUG - Full path: uploaded_files/05f04674606165f2e3ee913b8dea57bc
2023-04-29 17:28:15,362 - api.getallmeta - DEBUG - Metadata retrieved successfully for DSCF6889.jpg
2023-04-29 17:28:15,493 - api.getallmeta - DEBUG - Metadata retrieved successfully for DSCF6891.jpg
2023-04-29 17:28:15,624 - api.getallmeta - DEBUG - Metadata retrieved successfully for DSCF6890.jpg
2023-04-29 17:28:15,755 - api.getallmeta - DEBUG - Metadata retrieved successfully for DSCF6892.jpg
2023-04-29 17:28:15,886 - api.getallmeta - DEBUG - Metadata retrieved successfully for DSCF6893.jpg
2023-04-29 17:28:16,020 - api.getallmeta - DEBUG - Metadata retrieved successfully for DSCF6894.jpg
2023-04-29 17:28:16,152 - api.getallmeta - DEBUG - Metadata retrieved successfully for DSCF6895.jpg
2023-04-29 17:29:03,524 - api.getallmeta - DEBUG - getallmeta function called
2023-04-29 17:29:03,524 - api.getallmeta - DEBUG - Full path: uploaded_files/05f04674606165f2e3ee913b8dea57bc
2023-04-29 17:29:03,659 - api.getallmeta - DEBUG - Metadata retrieved successfully for DSCF6889.jpg
2023-04-29 17:29:03,790 - api.getallmeta - DEBUG - Metadata retrieved successfully for DSCF6891.jpg
2023-04-29 17:29:03,921 - api.getallmeta - DEBUG - Metadata retrieved successfully for DSCF6890.jpg
2023-04-29 17:29:04,052 - api.getallmeta - DEBUG - Metadata retrieved successfully for DSCF6892.jpg
2023-04-29 17:29:04,185 - api.getallmeta - DEBUG - Metadata retrieved successfully for DSCF6893.jpg
2023-04-29 17:29:04,315 - api.getallmeta - DEBUG - Metadata retrieved successfully for DSCF6894.jpg
2023-04-29 17:29:04,446 - api.getallmeta - DEBUG - Metadata retrieved successfully for DSCF6895.jpg
2023-04-29 17:29:28,147 - api.getallmeta - DEBUG - getallmeta function called
2023-04-29 17:29:28,148 - api.getallmeta - DEBUG - Full path: uploaded_files/abf9150b7bd206fd86bf7494125a63c5
2023-04-29 17:29:28,281 - api.getallmeta - DEBUG - Metadata retrieved successfully for DSCF6889.jpg
2023-04-29 17:29:28,412 - api.getallmeta - DEBUG - Metadata retrieved successfully for DSCF6891.jpg
2023-04-29 17:29:28,543 - api.getallmeta - DEBUG - Metadata retrieved successfully for DSCF6890.jpg
2023-04-29 17:29:28,674 - api.getallmeta - DEBUG - Metadata retrieved successfully for DSCF6892.jpg
2023-04-29 17:29:28,806 - api.getallmeta - DEBUG - Metadata retrieved successfully for DSCF6893.jpg
2023-04-29 17:30:05,090 - api.getallmeta - DEBUG - getallmeta function called
2023-04-29 17:30:05,090 - api.getallmeta - DEBUG - Full path: uploaded_files/abf9150b7bd206fd86bf7494125a63c5
2023-04-29 17:30:05,225 - api.getallmeta - DEBUG - Metadata retrieved successfully for DSCF6889.jpg
2023-04-29 17:30:05,357 - api.getallmeta - DEBUG - Metadata retrieved successfully for DSCF6891.jpg
2023-04-29 17:30:05,487 - api.getallmeta - DEBUG - Metadata retrieved successfully for DSCF6890.jpg
2023-04-29 17:30:05,620 - api.getallmeta - DEBUG - Metadata retrieved successfully for DSCF6892.jpg
2023-04-29 17:30:05,751 - api.getallmeta - DEBUG - Metadata retrieved successfully for DSCF6893.jpg
2023-04-29 17:30:59,455 - api.getallmeta - DEBUG - getallmeta function called
2023-04-29 17:30:59,456 - api.getallmeta - DEBUG - Full path: uploaded_files/abf9150b7bd206fd86bf7494125a63c5
2023-04-29 17:30:59,591 - api.getallmeta - DEBUG - Metadata retrieved successfully for DSCF6889.jpg
2023-04-29 17:30:59,722 - api.getallmeta - DEBUG - Metadata retrieved successfully for DSCF6891.jpg
2023-04-29 17:30:59,854 - api.getallmeta - DEBUG - Metadata retrieved successfully for DSCF6890.jpg
2023-04-29 17:30:59,986 - api.getallmeta - DEBUG - Metadata retrieved successfully for DSCF6892.jpg
2023-04-29 17:31:00,121 - api.getallmeta - DEBUG - Metadata retrieved successfully for DSCF6893.jpg
2023-04-29 17:32:10,740 - api.getallmeta - DEBUG - getallmeta function called
2023-04-29 17:32:10,740 - api.getallmeta - DEBUG - Full path: uploaded_files/abf9150b7bd206fd86bf7494125a63c5
2023-04-29 17:32:10,879 - api.getallmeta - DEBUG - Metadata retrieved successfully for DSCF6889.jpg
2023-04-29 17:32:11,017 - api.getallmeta - DEBUG - Metadata retrieved successfully for DSCF6891.jpg
2023-04-29 17:32:11,148 - api.getallmeta - DEBUG - Metadata retrieved successfully for DSCF6890.jpg
2023-04-29 17:32:11,278 - api.getallmeta - DEBUG - Metadata retrieved successfully for DSCF6892.jpg
2023-04-29 17:32:11,409 - api.getallmeta - DEBUG - Metadata retrieved successfully for DSCF6893.jpg
2023-04-29 17:32:46,351 - api.getallmeta - DEBUG - getallmeta function called
2023-04-29 17:32:46,352 - api.getallmeta - DEBUG - Full path: uploaded_files/abf9150b7bd206fd86bf7494125a63c5
2023-04-29 17:32:46,487 - api.getallmeta - DEBUG - Metadata retrieved successfully for DSCF6889.jpg
2023-04-29 17:32:46,620 - api.getallmeta - DEBUG - Metadata retrieved successfully for DSCF6891.jpg
2023-04-29 17:32:46,752 - api.getallmeta - DEBUG - Metadata retrieved successfully for DSCF6890.jpg
2023-04-29 17:32:46,883 - api.getallmeta - DEBUG - Metadata retrieved successfully for DSCF6892.jpg
2023-04-29 17:32:47,015 - api.getallmeta - DEBUG - Metadata retrieved successfully for DSCF6893.jpg
2023-04-29 17:35:17,376 - api.getallmeta - DEBUG - getallmeta function called
2023-04-29 17:35:17,377 - api.getallmeta - DEBUG - Full path: uploaded_files/496a54f96faf6340f180a6b9be46ed16
2023-04-29 17:35:17,519 - api.getallmeta - DEBUG - Metadata retrieved successfully for DSCF6889.jpg
2023-04-29 17:35:17,651 - api.getallmeta - DEBUG - Metadata retrieved successfully for DSCF6888.jpg
2023-04-29 17:35:17,783 - api.getallmeta - DEBUG - Metadata retrieved successfully for DSCF6885.jpg
2023-04-29 17:35:17,914 - api.getallmeta - DEBUG - Metadata retrieved successfully for DSCF6891.jpg
2023-04-29 17:35:18,048 - api.getallmeta - DEBUG - Metadata retrieved successfully for DSCF6890.jpg
2023-04-29 17:35:18,181 - api.getallmeta - DEBUG - Metadata retrieved successfully for DSCF6886.jpg
2023-04-29 17:35:18,317 - api.getallmeta - DEBUG - Metadata retrieved successfully for DSCF6887.jpg
2023-04-29 17:36:15,270 - api.getallmeta - DEBUG - getallmeta function called
2023-04-29 17:36:15,270 - api.getallmeta - DEBUG - Full path: uploaded_files/496a54f96faf6340f180a6b9be46ed16
2023-04-29 17:36:15,409 - api.getallmeta - DEBUG - Metadata retrieved successfully for DSCF6889.jpg
2023-04-29 17:36:15,541 - api.getallmeta - DEBUG - Metadata retrieved successfully for DSCF6888.jpg
2023-04-29 17:36:15,673 - api.getallmeta - DEBUG - Metadata retrieved successfully for DSCF6885.jpg
2023-04-29 17:36:15,804 - api.getallmeta - DEBUG - Metadata retrieved successfully for DSCF6891.jpg
2023-04-29 17:36:15,936 - api.getallmeta - DEBUG - Metadata retrieved successfully for DSCF6890.jpg
2023-04-29 17:36:16,068 - api.getallmeta - DEBUG - Metadata retrieved successfully for DSCF6886.jpg
2023-04-29 17:36:16,200 - api.getallmeta - DEBUG - Metadata retrieved successfully for DSCF6887.jpg
2023-04-29 17:36:56,314 - api.getallmeta - DEBUG - getallmeta function called
2023-04-29 17:36:56,314 - api.getallmeta - DEBUG - Full path: uploaded_files/496a54f96faf6340f180a6b9be46ed16
2023-04-29 17:36:56,452 - api.getallmeta - DEBUG - Metadata retrieved successfully for DSCF6889.jpg
2023-04-29 17:36:56,583 - api.getallmeta - DEBUG - Metadata retrieved successfully for DSCF6888.jpg
2023-04-29 17:36:56,715 - api.getallmeta - DEBUG - Metadata retrieved successfully for DSCF6885.jpg
2023-04-29 17:36:56,847 - api.getallmeta - DEBUG - Metadata retrieved successfully for DSCF6891.jpg
2023-04-29 17:36:56,978 - api.getallmeta - DEBUG - Metadata retrieved successfully for DSCF6890.jpg
2023-04-29 17:36:57,112 - api.getallmeta - DEBUG - Metadata retrieved successfully for DSCF6886.jpg
2023-04-29 17:36:57,244 - api.getallmeta - DEBUG - Metadata retrieved successfully for DSCF6887.jpg
2023-04-29 17:38:00,064 - api.getallmeta - DEBUG - getallmeta function called
2023-04-29 17:38:00,064 - api.getallmeta - DEBUG - Full path: uploaded_files/496a54f96faf6340f180a6b9be46ed16
2023-04-29 17:38:00,203 - api.getallmeta - DEBUG - Metadata retrieved successfully for DSCF6889.jpg
2023-04-29 17:38:00,338 - api.getallmeta - DEBUG - Metadata retrieved successfully for DSCF6888.jpg
2023-04-29 17:38:00,473 - api.getallmeta - DEBUG - Metadata retrieved successfully for DSCF6885.jpg
2023-04-29 17:38:00,605 - api.getallmeta - DEBUG - Metadata retrieved successfully for DSCF6891.jpg
2023-04-29 17:38:00,742 - api.getallmeta - DEBUG - Metadata retrieved successfully for DSCF6890.jpg
2023-04-29 17:38:00,875 - api.getallmeta - DEBUG - Metadata retrieved successfully for DSCF6886.jpg
2023-04-29 17:38:01,009 - api.getallmeta - DEBUG - Metadata retrieved successfully for DSCF6887.jpg
2023-04-29 17:40:30,238 - api.getallmeta - DEBUG - getallmeta function called
2023-04-29 17:40:30,238 - api.getallmeta - DEBUG - Full path: uploaded_files/0e2bb433ebf32aec0193ab74c41c6d48
2023-04-29 17:41:51,898 - api.getallmeta - DEBUG - getallmeta function called
2023-04-29 17:41:51,899 - api.getallmeta - DEBUG - Full path: uploaded_files/a98aeee77a44e181d1faa1e1f80329e4
2023-04-29 17:44:11,765 - api.getallmeta - DEBUG - getallmeta function called
2023-04-29 17:44:11,766 - api.getallmeta - DEBUG - Full path: uploaded_files/0e2bb433ebf32aec0193ab74c41c6d48
2023-04-29 17:46:45,689 - api.getallmeta - DEBUG - getallmeta function called
2023-04-29 17:46:45,689 - api.getallmeta - DEBUG - Full path: uploaded_files/0e2bb433ebf32aec0193ab74c41c6d48
2023-04-29 17:47:38,473 - api.getallmeta - DEBUG - getallmeta function called
2023-04-29 17:47:38,474 - api.getallmeta - DEBUG - Full path: uploaded_files/0e2bb433ebf32aec0193ab74c41c6d48
2023-04-29 17:47:38,658 - api.getallmeta - DEBUG - Metadata retrieved successfully for DSCF6889.jpg
2023-04-29 17:47:38,790 - api.getallmeta - DEBUG - Metadata retrieved successfully for DSCF6888.jpg
2023-04-29 17:47:38,921 - api.getallmeta - DEBUG - Metadata retrieved successfully for DSCF6891.jpg
2023-04-29 17:47:39,056 - api.getallmeta - DEBUG - Metadata retrieved successfully for DSCF6890.jpg
2023-04-29 17:47:39,191 - api.getallmeta - DEBUG - Metadata retrieved successfully for DSCF6887.jpg
2023-04-29 17:50:57,765 - api.getallmeta - DEBUG - getallmeta function called
2023-04-29 17:50:57,766 - api.getallmeta - DEBUG - Full path: uploaded_files/a98aeee77a44e181d1faa1e1f80329e4
2023-04-29 17:51:13,330 - api.getallmeta - DEBUG - getallmeta function called
2023-04-29 17:51:13,331 - api.getallmeta - DEBUG - Full path: uploaded_files/deaeb380902c834877789df2a23dbbb5
2023-04-29 17:51:21,049 - api.getallmeta - DEBUG - getallmeta function called
2023-04-29 17:51:21,050 - api.getallmeta - DEBUG - Full path: uploaded_files/516be874047bc8298f64b92f8cea334c
2023-04-29 17:51:21,186 - api.getallmeta - DEBUG - Metadata retrieved successfully for DSCF6891.jpg
2023-04-29 17:51:21,335 - api.getallmeta - DEBUG - Metadata retrieved successfully for DSCF6890.jpg
2023-04-29 17:51:21,468 - api.getallmeta - DEBUG - Metadata retrieved successfully for DSCF6892.jpg
2023-04-29 17:51:21,602 - api.getallmeta - DEBUG - Metadata retrieved successfully for DSCF6893.jpg
2023-04-29 17:51:21,741 - api.getallmeta - DEBUG - Metadata retrieved successfully for DSCF6894.jpg
2023-04-29 17:51:21,876 - api.getallmeta - DEBUG - Metadata retrieved successfully for DSCF6895.jpg
2023-04-29 17:51:25,917 - api.getallmeta - DEBUG - getallmeta function called
2023-04-29 17:51:25,917 - api.getallmeta - DEBUG - Full path: uploaded_files/790e0cafb6012ae6f89fec435743a02a
2023-04-29 17:55:14,260 - api.getallmeta - DEBUG - getallmeta function called
2023-04-29 17:55:14,260 - api.getallmeta - DEBUG - Full path: uploaded_files/d254d6b0cfbe48f85330c316dc017ccb
2023-04-29 17:55:14,418 - api.getallmeta - DEBUG - Metadata retrieved successfully for DSCF6889.jpg
2023-04-29 17:55:14,549 - api.getallmeta - DEBUG - Metadata retrieved successfully for DSCF6876.jpg
2023-04-29 17:55:14,679 - api.getallmeta - DEBUG - Metadata retrieved successfully for DSCF6877.jpg
2023-04-29 17:55:14,811 - api.getallmeta - DEBUG - Metadata retrieved successfully for DSCF6888.jpg
2023-04-29 17:55:14,941 - api.getallmeta - DEBUG - Metadata retrieved successfully for DSCF6885.jpg
2023-04-29 17:55:15,074 - api.getallmeta - DEBUG - Metadata retrieved successfully for DSCF6891.jpg
2023-04-29 17:55:15,204 - api.getallmeta - DEBUG - Metadata retrieved successfully for DSCF6890.jpg
2023-04-29 17:55:15,334 - api.getallmeta - DEBUG - Metadata retrieved successfully for DSCF6884.jpg
2023-04-29 17:55:15,464 - api.getallmeta - DEBUG - Metadata retrieved successfully for DSCF6892.jpg
2023-04-29 17:55:15,599 - api.getallmeta - DEBUG - Metadata retrieved successfully for DSCF6886.jpg
2023-04-29 17:55:15,734 - api.getallmeta - DEBUG - Metadata retrieved successfully for DSCF6879.jpg
2023-04-29 17:55:15,867 - api.getallmeta - DEBUG - Metadata retrieved successfully for DSCF6878.jpg
2023-04-29 17:55:15,997 - api.getallmeta - DEBUG - Metadata retrieved successfully for DSCF6887.jpg
2023-04-29 17:55:16,126 - api.getallmeta - DEBUG - Metadata retrieved successfully for DSCF6893.jpg
2023-04-29 17:55:16,252 - api.getallmeta - DEBUG - Metadata retrieved successfully for DSCF6883.jpg
2023-04-29 17:55:16,382 - api.getallmeta - DEBUG - Metadata retrieved successfully for DSCF6882.jpg
2023-04-29 17:55:16,513 - api.getallmeta - DEBUG - Metadata retrieved successfully for DSCF6880.jpg
2023-04-29 17:55:16,648 - api.getallmeta - DEBUG - Metadata retrieved successfully for DSCF6894.jpg
2023-04-29 17:55:16,776 - api.getallmeta - DEBUG - Metadata retrieved successfully for DSCF6881.jpg
2023-04-29 17:55:37,418 - api.getallmeta - DEBUG - getallmeta function called
2023-04-29 17:55:37,419 - api.getallmeta - DEBUG - Full path: uploaded_files/c5dfb1448c3949adc30e492578c5195f
2023-04-30 10:12:54,009 - api.getallmeta - DEBUG - getallmeta function called
2023-04-30 10:12:54,027 - api.getallmeta - DEBUG - Full path: uploaded_files/dca6d14916baec34190c39b700d368dd
2023-04-30 10:12:54,406 - api.getallmeta - DEBUG - Metadata retrieved successfully for DSCF6889.jpg
2023-04-30 10:12:54,543 - api.getallmeta - DEBUG - Metadata retrieved successfully for DSCF6888.jpg
2023-04-30 10:12:54,680 - api.getallmeta - DEBUG - Metadata retrieved successfully for DSCF6885.jpg
2023-04-30 10:12:54,827 - api.getallmeta - DEBUG - Metadata retrieved successfully for DSCF6891.jpg
2023-04-30 10:12:54,967 - api.getallmeta - DEBUG - Metadata retrieved successfully for DSCF6890.jpg
2023-04-30 10:12:55,107 - api.getallmeta - DEBUG - Metadata retrieved successfully for DSCF6884.jpg
2023-04-30 10:12:55,243 - api.getallmeta - DEBUG - Metadata retrieved successfully for DSCF6892.jpg
2023-04-30 10:12:55,378 - api.getallmeta - DEBUG - Metadata retrieved successfully for DSCF6886.jpg
2023-04-30 10:12:55,511 - api.getallmeta - DEBUG - Metadata retrieved successfully for DSCF6887.jpg
2023-04-30 10:12:55,645 - api.getallmeta - DEBUG - Metadata retrieved successfully for DSCF6893.jpg
2023-04-30 10:13:30,334 - api.getallmeta - DEBUG - getallmeta function called
2023-04-30 10:13:30,352 - api.getallmeta - DEBUG - Full path: uploaded_files/a437767c15028ae736664302f9675f13
2023-04-30 10:13:30,571 - api.getallmeta - DEBUG - Metadata retrieved successfully for DSCF6889.jpg
2023-04-30 10:13:30,705 - api.getallmeta - DEBUG - Metadata retrieved successfully for DSCF6888.jpg
2023-04-30 10:13:30,838 - api.getallmeta - DEBUG - Metadata retrieved successfully for DSCF6885.jpg
2023-04-30 10:13:30,974 - api.getallmeta - DEBUG - Metadata retrieved successfully for DSCF6891.jpg
2023-04-30 10:13:31,109 - api.getallmeta - DEBUG - Metadata retrieved successfully for DSCF6890.jpg
2023-04-30 10:13:31,242 - api.getallmeta - DEBUG - Metadata retrieved successfully for DSCF6884.jpg
2023-04-30 10:13:31,375 - api.getallmeta - DEBUG - Metadata retrieved successfully for DSCF6886.jpg
2023-04-30 10:13:31,512 - api.getallmeta - DEBUG - Metadata retrieved successfully for DSCF6887.jpg
2023-04-30 10:13:31,651 - api.getallmeta - DEBUG - Metadata retrieved successfully for DSCF6883.jpg
2023-04-30 10:16:12,507 - api.getallmeta - DEBUG - getallmeta function called
2023-04-30 10:16:12,514 - api.getallmeta - DEBUG - Full path: uploaded_files/a437767c15028ae736664302f9675f13
2023-04-30 10:16:12,776 - api.getallmeta - DEBUG - Metadata retrieved successfully for DSCF6889.jpg
2023-04-30 10:16:12,914 - api.getallmeta - DEBUG - Metadata retrieved successfully for DSCF6888.jpg
2023-04-30 10:16:13,056 - api.getallmeta - DEBUG - Metadata retrieved successfully for DSCF6885.jpg
2023-04-30 10:16:13,205 - api.getallmeta - DEBUG - Metadata retrieved successfully for DSCF6891.jpg
2023-04-30 10:16:13,345 - api.getallmeta - DEBUG - Metadata retrieved successfully for DSCF6890.jpg
2023-04-30 10:16:13,485 - api.getallmeta - DEBUG - Metadata retrieved successfully for DSCF6884.jpg
2023-04-30 10:16:13,625 - api.getallmeta - DEBUG - Metadata retrieved successfully for DSCF6892.jpg
2023-04-30 10:16:13,766 - api.getallmeta - DEBUG - Metadata retrieved successfully for DSCF6886.jpg
2023-04-30 10:16:13,907 - api.getallmeta - DEBUG - Metadata retrieved successfully for DSCF6887.jpg
2023-04-30 10:16:14,049 - api.getallmeta - DEBUG - Metadata retrieved successfully for DSCF6893.jpg
2023-04-30 10:16:14,220 - api.getallmeta - DEBUG - Metadata retrieved successfully for DSCF6883.jpg
2023-04-30 10:19:43,642 - api.getallmeta - DEBUG - getallmeta function called
2023-04-30 10:19:43,642 - api.getallmeta - DEBUG - Full path: uploaded_files/a437767c15028ae736664302f9675f13
2023-04-30 10:19:43,895 - api.getallmeta - DEBUG - Metadata retrieved successfully for DSCF6889.jpg
2023-04-30 10:19:44,037 - api.getallmeta - DEBUG - Metadata retrieved successfully for DSCF6888.jpg
2023-04-30 10:19:44,214 - api.getallmeta - DEBUG - Metadata retrieved successfully for DSCF6885.jpg
2023-04-30 10:19:44,347 - api.getallmeta - DEBUG - Metadata retrieved successfully for DSCF6891.jpg
2023-04-30 10:19:44,480 - api.getallmeta - DEBUG - Metadata retrieved successfully for DSCF6890.jpg
2023-04-30 10:19:44,612 - api.getallmeta - DEBUG - Metadata retrieved successfully for DSCF6884.jpg
2023-04-30 10:19:44,744 - api.getallmeta - DEBUG - Metadata retrieved successfully for DSCF6892.jpg
2023-04-30 10:19:44,876 - api.getallmeta - DEBUG - Metadata retrieved successfully for DSCF6886.jpg
2023-04-30 10:19:45,006 - api.getallmeta - DEBUG - Metadata retrieved successfully for DSCF6887.jpg
2023-04-30 10:19:45,266 - api.getallmeta - DEBUG - Metadata retrieved successfully for DSCF6893.jpg
2023-04-30 10:19:45,416 - api.getallmeta - DEBUG - Metadata retrieved successfully for DSCF6883.jpg
2023-04-30 10:20:30,271 - api.getallmeta - DEBUG - getallmeta function called
2023-04-30 10:20:30,293 - api.getallmeta - DEBUG - Full path: uploaded_files/a437767c15028ae736664302f9675f13
2023-04-30 10:20:30,578 - api.getallmeta - DEBUG - Metadata retrieved successfully for DSCF6889.jpg
2023-04-30 10:20:30,735 - api.getallmeta - DEBUG - Metadata retrieved successfully for DSCF6888.jpg
2023-04-30 10:20:30,890 - api.getallmeta - DEBUG - Metadata retrieved successfully for DSCF6885.jpg
2023-04-30 10:20:31,058 - api.getallmeta - DEBUG - Metadata retrieved successfully for DSCF6891.jpg
2023-04-30 10:20:31,190 - api.getallmeta - DEBUG - Metadata retrieved successfully for DSCF6890.jpg
2023-04-30 10:20:31,322 - api.getallmeta - DEBUG - Metadata retrieved successfully for DSCF6884.jpg
2023-04-30 10:20:31,465 - api.getallmeta - DEBUG - Metadata retrieved successfully for DSCF6892.jpg
2023-04-30 10:20:31,706 - api.getallmeta - DEBUG - Metadata retrieved successfully for DSCF6886.jpg
2023-04-30 10:20:31,843 - api.getallmeta - DEBUG - Metadata retrieved successfully for DSCF6887.jpg
2023-04-30 10:20:31,983 - api.getallmeta - DEBUG - Metadata retrieved successfully for DSCF6893.jpg
2023-04-30 10:20:32,124 - api.getallmeta - DEBUG - Metadata retrieved successfully for DSCF6883.jpg
2023-04-30 10:22:50,857 - api.getallmeta - DEBUG - getallmeta function called
2023-04-30 10:22:50,869 - api.getallmeta - DEBUG - Full path: uploaded_files/afe9153590dec25edf83d978cf2fed72
2023-04-30 10:22:51,187 - api.getallmeta - DEBUG - Metadata retrieved successfully for DSCF6888.jpg
2023-04-30 10:24:03,839 - api.getallmeta - DEBUG - getallmeta function called
2023-04-30 10:24:03,840 - api.getallmeta - DEBUG - Full path: uploaded_files/afe9153590dec25edf83d978cf2fed72
2023-04-30 10:24:04,018 - api.getallmeta - DEBUG - Metadata retrieved successfully for DSCF6888.jpg
2023-04-30 10:24:04,151 - api.getallmeta - DEBUG - Metadata retrieved successfully for DSCF6890.jpg
2023-04-30 10:27:26,589 - api.getallmeta - DEBUG - getallmeta function called
2023-04-30 10:27:26,590 - api.getallmeta - DEBUG - Full path: uploaded_files/afe9153590dec25edf83d978cf2fed72
2023-04-30 10:27:26,804 - api.getallmeta - DEBUG - Metadata retrieved successfully for DSCF6889.jpg
2023-04-30 10:27:26,945 - api.getallmeta - DEBUG - Metadata retrieved successfully for DSCF6888.jpg
2023-04-30 10:27:27,105 - api.getallmeta - DEBUG - Metadata retrieved successfully for DSCF6885.jpg
2023-04-30 10:27:27,243 - api.getallmeta - DEBUG - Metadata retrieved successfully for DSCF6891.jpg
2023-04-30 10:27:27,376 - api.getallmeta - DEBUG - Metadata retrieved successfully for DSCF6890.jpg
2023-04-30 10:27:27,513 - api.getallmeta - DEBUG - Metadata retrieved successfully for DSCF6884.jpg
2023-04-30 10:27:27,644 - api.getallmeta - DEBUG - Metadata retrieved successfully for DSCF6892.jpg
2023-04-30 10:27:27,775 - api.getallmeta - DEBUG - Metadata retrieved successfully for DSCF6886.jpg
2023-04-30 10:27:27,906 - api.getallmeta - DEBUG - Metadata retrieved successfully for DSCF6887.jpg
2023-04-30 10:27:28,037 - api.getallmeta - DEBUG - Metadata retrieved successfully for DSCF6893.jpg
2023-04-30 10:27:51,530 - api.getallmeta - DEBUG - getallmeta function called
2023-04-30 10:27:51,530 - api.getallmeta - DEBUG - Full path: uploaded_files/afe9153590dec25edf83d978cf2fed72
2023-04-30 10:27:51,681 - api.getallmeta - DEBUG - Metadata retrieved successfully for DSCF6889.jpg
2023-04-30 10:27:51,822 - api.getallmeta - DEBUG - Metadata retrieved successfully for DSCF6888.jpg
2023-04-30 10:27:51,962 - api.getallmeta - DEBUG - Metadata retrieved successfully for DSCF6885.jpg
2023-04-30 10:27:52,115 - api.getallmeta - DEBUG - Metadata retrieved successfully for DSCF6891.jpg
2023-04-30 10:27:52,257 - api.getallmeta - DEBUG - Metadata retrieved successfully for DSCF6890.jpg
2023-04-30 10:27:52,404 - api.getallmeta - DEBUG - Metadata retrieved successfully for DSCF6884.jpg
2023-04-30 10:27:52,547 - api.getallmeta - DEBUG - Metadata retrieved successfully for DSCF6892.jpg
2023-04-30 10:27:52,682 - api.getallmeta - DEBUG - Metadata retrieved successfully for DSCF6886.jpg
2023-04-30 10:27:52,813 - api.getallmeta - DEBUG - Metadata retrieved successfully for DSCF6887.jpg
2023-04-30 10:27:52,946 - api.getallmeta - DEBUG - Metadata retrieved successfully for DSCF6893.jpg
2023-04-30 10:28:09,667 - api.getallmeta - DEBUG - getallmeta function called
2023-04-30 10:28:09,667 - api.getallmeta - DEBUG - Full path: uploaded_files/afe9153590dec25edf83d978cf2fed72
2023-04-30 10:28:09,805 - api.getallmeta - DEBUG - Metadata retrieved successfully for DSCF6889.jpg
2023-04-30 10:28:09,936 - api.getallmeta - DEBUG - Metadata retrieved successfully for DSCF6888.jpg
2023-04-30 10:28:10,068 - api.getallmeta - DEBUG - Metadata retrieved successfully for DSCF6885.jpg
2023-04-30 10:28:10,203 - api.getallmeta - DEBUG - Metadata retrieved successfully for DSCF6891.jpg
2023-04-30 10:28:10,369 - api.getallmeta - DEBUG - Metadata retrieved successfully for DSCF6890.jpg
2023-04-30 10:28:10,504 - api.getallmeta - DEBUG - Metadata retrieved successfully for DSCF6884.jpg
2023-04-30 10:28:10,638 - api.getallmeta - DEBUG - Metadata retrieved successfully for DSCF6892.jpg
2023-04-30 10:28:10,773 - api.getallmeta - DEBUG - Metadata retrieved successfully for DSCF6886.jpg
2023-04-30 10:28:10,906 - api.getallmeta - DEBUG - Metadata retrieved successfully for DSCF6887.jpg
2023-04-30 10:28:11,041 - api.getallmeta - DEBUG - Metadata retrieved successfully for DSCF6893.jpg
2023-04-30 10:28:11,173 - api.getallmeta - DEBUG - Metadata retrieved successfully for DSCF6894.jpg
2023-04-30 10:57:40,019 - api.getallmeta - DEBUG - getallmeta function called
2023-04-30 10:57:40,019 - api.getallmeta - DEBUG - Full path: uploaded_files/7dbb423ada16241e0b53921327fb0cd7
2023-04-30 10:57:40,191 - api.getallmeta - DEBUG - Metadata retrieved successfully for DSCF6889.jpg
2023-04-30 10:57:40,326 - api.getallmeta - DEBUG - Metadata retrieved successfully for DSCF6888.jpg
2023-04-30 10:57:40,459 - api.getallmeta - DEBUG - Metadata retrieved successfully for DSCF6885.jpg
2023-04-30 10:57:40,592 - api.getallmeta - DEBUG - Metadata retrieved successfully for DSCF6890.jpg
2023-04-30 10:57:40,729 - api.getallmeta - DEBUG - Metadata retrieved successfully for DSCF6886.jpg
2023-04-30 10:57:40,863 - api.getallmeta - DEBUG - Metadata retrieved successfully for DSCF6887.jpg
2023-04-30 10:59:00,797 - api.getallmeta - DEBUG - getallmeta function called
2023-04-30 10:59:00,798 - api.getallmeta - DEBUG - Full path: uploaded_files/7dbb423ada16241e0b53921327fb0cd7
2023-04-30 10:59:01,022 - api.getallmeta - DEBUG - Metadata retrieved successfully for DSCF6889.jpg
2023-04-30 10:59:01,170 - api.getallmeta - DEBUG - Metadata retrieved successfully for DSCF6888.jpg
2023-04-30 10:59:01,308 - api.getallmeta - DEBUG - Metadata retrieved successfully for DSCF6885.jpg
2023-04-30 10:59:01,463 - api.getallmeta - DEBUG - Metadata retrieved successfully for DSCF6890.jpg
2023-04-30 10:59:01,612 - api.getallmeta - DEBUG - Metadata retrieved successfully for DSCF6886.jpg
2023-04-30 10:59:01,924 - api.getallmeta - DEBUG - Metadata retrieved successfully for IMG_0611.jpeg
2023-04-30 10:59:02,069 - api.getallmeta - DEBUG - Metadata retrieved successfully for DSCF6887.jpg
2023-04-30 11:03:15,682 - api.getallmeta - DEBUG - getallmeta function called
2023-04-30 11:03:15,697 - api.getallmeta - DEBUG - Full path: uploaded_files/994eed59892cfd0821e7f95ea71f32cb
2023-04-30 11:03:15,930 - api.getallmeta - DEBUG - Metadata retrieved successfully for valentin-bolder-oGrsLY8uRNM-unsplash.jpg
2023-04-30 11:03:16,067 - api.getallmeta - DEBUG - Metadata retrieved successfully for mehran-biabani-C9hfTIljMD4-unsplash.jpg
2023-04-30 11:03:16,202 - api.getallmeta - DEBUG - Metadata retrieved successfully for josh-hild-GDWle6useeg-unsplash.jpg
2023-04-30 11:03:16,467 - api.getallmeta - DEBUG - Metadata retrieved successfully for 4009-20250953.jpg
2023-04-30 11:03:16,598 - api.getallmeta - DEBUG - Metadata retrieved successfully for megan-ruth-YlTjPyzqi2k-unsplash.jpg
2023-04-30 11:03:16,750 - api.getallmeta - DEBUG - Metadata retrieved successfully for josh-withers-mUkvPxmLOgE-unsplash.jpg
2023-04-30 11:03:16,889 - api.getallmeta - DEBUG - Metadata retrieved successfully for megan-ruth-ffGT4IeqlPI-unsplash.jpg
2023-04-30 11:03:17,074 - api.getallmeta - DEBUG - Metadata retrieved successfully for 4009-20250966.jpg
2023-04-30 11:03:17,374 - api.getallmeta - DEBUG - Metadata retrieved successfully for 4009-24461186.jpg
2023-04-30 11:03:17,506 - api.getallmeta - DEBUG - Metadata retrieved successfully for stephen-leonardi-9TnM2zH4Ur8-unsplash.jpg
2023-04-30 11:03:17,658 - api.getallmeta - DEBUG - Metadata retrieved successfully for ilia-bronskiy-mWFKSKd27PM-unsplash.jpg
2023-04-30 11:32:55,942 - api.getallmeta - DEBUG - getallmeta function called
2023-04-30 11:32:55,977 - api.getallmeta - DEBUG - Full path: uploaded_files/0ccf6670f46748bf66cd854d05a2f138
2023-04-30 11:32:56,207 - api.getallmeta - DEBUG - Metadata retrieved successfully for gps.jpg
2023-04-30 11:32:56,557 - api.getallmeta - DEBUG - Metadata retrieved successfully for 4009-24461186.jpg
2023-04-30 12:24:59,503 - api.getallmeta - DEBUG - getallmeta function called
2023-04-30 12:24:59,504 - api.getallmeta - DEBUG - Full path: uploaded_files/188cb11ec2ecc4898b715b48959df4ea
2023-04-30 12:24:59,813 - api.getallmeta - DEBUG - Metadata retrieved successfully for DSCF6892.jpg
2023-05-01 18:17:15,585 - api.getallmeta - DEBUG - getallmeta function called
2023-05-01 18:17:15,601 - api.getallmeta - DEBUG - Full path: uploaded_files/9333810e9112aa7c67ee37b89ce1b3ca
2023-05-01 18:17:15,881 - api.getallmeta - DEBUG - Metadata retrieved successfully for megan-ruth-YlTjPyzqi2k-unsplash.jpg
2023-05-01 18:17:16,012 - api.getallmeta - DEBUG - Metadata retrieved successfully for josh-withers-mUkvPxmLOgE-unsplash.jpg
2023-05-01 18:17:16,144 - api.getallmeta - DEBUG - Metadata retrieved successfully for megan-ruth-ffGT4IeqlPI-unsplash.jpg
